Flow report for Lab5
Wed Oct  9 13:21:41 2024
Quartus II 64-Bit Version 15.0.2 Build 153 07/15/2015 SJ Web Edition


---------------------
; Table of Contents ;
---------------------
  1. Legal Notice
  2. Flow Summary
  3. Flow Settings
  4. Flow Non-Default Global Settings
  5. Flow Elapsed Time
  6. Flow OS Summary
  7. Flow Log
  8. Flow Messages
  9. Flow Suppressed Messages



----------------
; Legal Notice ;
----------------
Copyright (C) 1991-2015 Altera Corporation. All rights reserved.
Your use of Altera Corporation's design tools, logic functions 
and other software and tools, and its AMPP partner logic 
functions, and any output files from any of the foregoing 
(including device programming or simulation files), and any 
associated documentation or information are expressly subject 
to the terms and conditions of the Altera Program License 
Subscription Agreement, the Altera Quartus II License Agreement,
the Altera MegaCore Function License Agreement, or other 
applicable license agreement, including, without limitation, 
that your use is for the sole purpose of programming logic 
devices manufactured by Altera and sold by Altera or its 
authorized distributors.  Please refer to the applicable 
agreement for further details.



+---------------------------------------------------------------------------------+
; Flow Summary                                                                    ;
+------------------------------------+--------------------------------------------+
; Flow Status                        ; Successful - Wed Oct  9 13:21:41 2024      ;
; Quartus II 64-Bit Version          ; 15.0.2 Build 153 07/15/2015 SJ Web Edition ;
; Revision Name                      ; Lab5                                       ;
; Top-level Entity Name              ; game                                       ;
; Family                             ; Cyclone IV E                               ;
; Device                             ; EP4CE115F29C7                              ;
; Timing Models                      ; Final                                      ;
; Total logic elements               ; 21 / 114,480 ( < 1 % )                     ;
;     Total combinational functions  ; 21 / 114,480 ( < 1 % )                     ;
;     Dedicated logic registers      ; 9 / 114,480 ( < 1 % )                      ;
; Total registers                    ; 9                                          ;
; Total pins                         ; 17 / 529 ( 3 % )                           ;
; Total virtual pins                 ; 0                                          ;
; Total memory bits                  ; 0 / 3,981,312 ( 0 % )                      ;
; Embedded Multiplier 9-bit elements ; 0 / 532 ( 0 % )                            ;
; Total PLLs                         ; 0 / 4 ( 0 % )                              ;
+------------------------------------+--------------------------------------------+


+-----------------------------------------+
; Flow Settings                           ;
+-------------------+---------------------+
; Option            ; Setting             ;
+-------------------+---------------------+
; Start date & time ; 10/09/2024 12:55:54 ;
; Main task         ; Compilation         ;
; Revision Name     ; Lab5                ;
+-------------------+---------------------+


+----------------------------------------------------------------------------------------------------------------------------+
; Flow Non-Default Global Settings                                                                                           ;
+-------------------------------------+---------------------------------------+---------------+-------------+----------------+
; Assignment Name                     ; Value                                 ; Default Value ; Entity Name ; Section Id     ;
+-------------------------------------+---------------------------------------+---------------+-------------+----------------+
; COMPILER_SIGNATURE_ID               ; 0.172849295437844                     ; --            ; --          ; --             ;
; EDA_OUTPUT_DATA_FORMAT              ; Vhdl                                  ; --            ; --          ; eda_simulation ;
; EDA_SIMULATION_TOOL                 ; ModelSim-Altera (VHDL)                ; <None>        ; --          ; --             ;
; MAX_CORE_JUNCTION_TEMP              ; 85                                    ; --            ; --          ; --             ;
; MIN_CORE_JUNCTION_TEMP              ; 0                                     ; --            ; --          ; --             ;
; OUTPUT_IO_TIMING_FAR_END_VMEAS      ; Half Signal Swing                     ; --            ; --          ; --             ;
; OUTPUT_IO_TIMING_FAR_END_VMEAS      ; Half Signal Swing                     ; --            ; --          ; --             ;
; OUTPUT_IO_TIMING_NEAR_END_VMEAS     ; Half Vccio                            ; --            ; --          ; --             ;
; OUTPUT_IO_TIMING_NEAR_END_VMEAS     ; Half Vccio                            ; --            ; --          ; --             ;
; PARTITION_COLOR                     ; 16764057                              ; --            ; game        ; Top            ;
; PARTITION_FITTER_PRESERVATION_LEVEL ; PLACEMENT_AND_ROUTING                 ; --            ; game        ; Top            ;
; PARTITION_NETLIST_TYPE              ; SOURCE                                ; --            ; game        ; Top            ;
; POWER_BOARD_THERMAL_MODEL           ; None (CONSERVATIVE)                   ; --            ; --          ; --             ;
; POWER_PRESET_COOLING_SOLUTION       ; 23 MM HEAT SINK WITH 200 LFPM AIRFLOW ; --            ; --          ; --             ;
; PROJECT_OUTPUT_DIRECTORY            ; output_files                          ; --            ; --          ; --             ;
; TOP_LEVEL_ENTITY                    ; game                                  ; Lab5          ; --          ; --             ;
+-------------------------------------+---------------------------------------+---------------+-------------+----------------+


+-------------------------------------------------------------------------------------------------------------------------------+
; Flow Elapsed Time                                                                                                             ;
+---------------------------+--------------+-------------------------+---------------------+------------------------------------+
; Module Name               ; Elapsed Time ; Average Processors Used ; Peak Virtual Memory ; Total CPU Time (on all processors) ;
+---------------------------+--------------+-------------------------+---------------------+------------------------------------+
; Analysis & Synthesis      ; 00:00:09     ; 1.0                     ; 923 MB              ; 00:00:22                           ;
; Fitter                    ; 00:00:12     ; 1.0                     ; 1268 MB             ; 00:00:12                           ;
; Assembler                 ; 00:00:04     ; 1.0                     ; 842 MB              ; 00:00:03                           ;
; TimeQuest Timing Analyzer ; 00:00:02     ; 1.0                     ; 934 MB              ; 00:00:02                           ;
; EDA Netlist Writer        ; 00:00:01     ; 1.0                     ; 1085 MB             ; 00:00:00                           ;
; EDA Netlist Writer        ; 00:00:00     ; 1.0                     ; 1076 MB             ; 00:00:00                           ;
; EDA Netlist Writer        ; 00:00:00     ; 1.0                     ; 1081 MB             ; 00:00:00                           ;
; EDA Netlist Writer        ; 00:00:01     ; 1.0                     ; 1074 MB             ; 00:00:00                           ;
; EDA Netlist Writer        ; 00:00:00     ; 1.0                     ; 1081 MB             ; 00:00:00                           ;
; EDA Netlist Writer        ; 00:00:01     ; 1.0                     ; 1076 MB             ; 00:00:00                           ;
; EDA Netlist Writer        ; 00:00:00     ; 1.0                     ; 1081 MB             ; 00:00:00                           ;
; Total                     ; 00:00:30     ; --                      ; --                  ; 00:00:39                           ;
+---------------------------+--------------+-------------------------+---------------------+------------------------------------+


+---------------------------------------------------------------------------------------------+
; Flow OS Summary                                                                             ;
+---------------------------+------------------+----------------+------------+----------------+
; Module Name               ; Machine Hostname ; OS Name        ; OS Version ; Processor type ;
+---------------------------+------------------+----------------+------------+----------------+
; Analysis & Synthesis      ; ece60            ; Ubuntu 20.04.2 ; 20         ; x86_64         ;
; Fitter                    ; ece60            ; Ubuntu 20.04.2 ; 20         ; x86_64         ;
; Assembler                 ; ece60            ; Ubuntu 20.04.2 ; 20         ; x86_64         ;
; TimeQuest Timing Analyzer ; ece60            ; Ubuntu 20.04.2 ; 20         ; x86_64         ;
; EDA Netlist Writer        ; ece60            ; Ubuntu 20.04.2 ; 20         ; x86_64         ;
; EDA Netlist Writer        ; ece60            ; Ubuntu 20.04.2 ; 20         ; x86_64         ;
; EDA Netlist Writer        ; ece60            ; Ubuntu 20.04.2 ; 20         ; x86_64         ;
; EDA Netlist Writer        ; ece60            ; Ubuntu 20.04.2 ; 20         ; x86_64         ;
; EDA Netlist Writer        ; ece60            ; Ubuntu 20.04.2 ; 20         ; x86_64         ;
; EDA Netlist Writer        ; ece60            ; Ubuntu 20.04.2 ; 20         ; x86_64         ;
; EDA Netlist Writer        ; ece60            ; Ubuntu 20.04.2 ; 20         ; x86_64         ;
+---------------------------+------------------+----------------+------------+----------------+


------------
; Flow Log ;
------------
quartus_map --read_settings_files=on --write_settings_files=off Lab5 -c Lab5
quartus_fit --read_settings_files=off --write_settings_files=off Lab5 -c Lab5
quartus_asm --read_settings_files=off --write_settings_files=off Lab5 -c Lab5
quartus_sta Lab5 -c Lab5
quartus_eda --read_settings_files=off --write_settings_files=off Lab5 -c Lab5
quartus_eda --gen_testbench --check_outputs=on --tool=modelsim_oem --format=verilog --write_settings_files=off Lab5 -c Lab5 --vector_source=/home/user/Desktop/Lab5/winWaveform.vwf --testbench_file=/home/user/Desktop/Lab5/simulation/qsim/winWaveform.vwf.vt
quartus_eda --write_settings_files=off --functional=on --flatten_buses=off --simulation=on --tool=modelsim_oem --format=verilog --output_directory=/home/user/Desktop/Lab5/simulation/qsim/ Lab5 -c Lab5
quartus_eda --gen_testbench --check_outputs=on --tool=modelsim_oem --format=verilog --write_settings_files=off Lab5 -c Lab5 --vector_source=/home/user/Desktop/Lab5/deathWaveform.vwf --testbench_file=/home/user/Desktop/Lab5/simulation/qsim/deathWaveform.vwf.vt
quartus_eda --write_settings_files=off --functional=on --flatten_buses=off --simulation=on --tool=modelsim_oem --format=verilog --output_directory=/home/user/Desktop/Lab5/simulation/qsim/ Lab5 -c Lab5
quartus_eda --gen_testbench --check_outputs=on --tool=modelsim_oem --format=verilog --write_settings_files=off Lab5 -c Lab5 --vector_source=/home/user/Desktop/Lab5/testWaveform.vwf --testbench_file=/home/user/Desktop/Lab5/simulation/qsim/testWaveform.vwf.vt
quartus_eda --write_settings_files=off --functional=on --flatten_buses=off --simulation=on --tool=modelsim_oem --format=verilog --output_directory=/home/user/Desktop/Lab5/simulation/qsim/ Lab5 -c Lab5



